src/components/ui/AIProviderSelector.tsx(83,32): error TS2353: Object literal may only specify known properties, and 'ringColor' does not exist in type 'Properties<string | number, string & {}>'.
src/components/ui/AIProviderSelector.tsx(134,13): error TS2353: Object literal may only specify known properties, and 'ringColor' does not exist in type 'Properties<string | number, string & {}>'.
src/store/index.ts(101,41): error TS2345: Argument of type '(state: TradeState) => { whaleData: WhaleMovement[]; }' is not assignable to parameter of type 'TradeState | Partial<TradeState> | ((state: TradeState) => TradeState | Partial<TradeState>)'.
  Type '(state: TradeState) => { whaleData: WhaleMovement[]; }' is not assignable to type '(state: TradeState) => TradeState | Partial<TradeState>'.
    Type '{ whaleData: WhaleMovement[]; }' is not assignable to type 'TradeState | Partial<TradeState>'.
src/test/mocks/storeMocks.ts(2,97): error TS2307: Cannot find module '../store' or its corresponding type declarations.
vitest.config.ts(8,3): error TS2769: No overload matches this call.
  The last overload gave the following error.
    Object literal may only specify known properties, and 'test' does not exist in type 'UserConfigExport'.
